[2013-03-18 19:42:08] request.ERROR: Symfony\Component\HttpKernel\Exception\NotFoundHttpException: No route found for "GET /css/bootstrap.css" (uncaught exception) at /home/richpolis/sfproyectos/sf2GalileaMontijo/vendor/symfony/symfony/src/Symfony/Component/HttpKernel/EventListener/RouterListener.php line 92 [] []
[2013-03-18 19:42:08] request.ERROR: Symfony\Component\HttpKernel\Exception\NotFoundHttpException: No route found for "GET /js/jquery-ui-1.9.2.custom.js" (uncaught exception) at /home/richpolis/sfproyectos/sf2GalileaMontijo/vendor/symfony/symfony/src/Symfony/Component/HttpKernel/EventListener/RouterListener.php line 92 [] []
[2013-03-18 19:43:09] request.ERROR: Symfony\Component\HttpKernel\Exception\NotFoundHttpException: No route found for "GET /css/bootstrap.css" (uncaught exception) at /home/richpolis/sfproyectos/sf2GalileaMontijo/vendor/symfony/symfony/src/Symfony/Component/HttpKernel/EventListener/RouterListener.php line 92 [] []
[2013-03-18 19:43:09] request.ERROR: Symfony\Component\HttpKernel\Exception\NotFoundHttpException: No route found for "GET /js/jquery-1.8.3.js" (uncaught exception) at /home/richpolis/sfproyectos/sf2GalileaMontijo/vendor/symfony/symfony/src/Symfony/Component/HttpKernel/EventListener/RouterListener.php line 92 [] []
[2013-03-18 19:43:09] request.ERROR: Symfony\Component\HttpKernel\Exception\NotFoundHttpException: No route found for "GET /js/jquery.easing.1.3.js" (uncaught exception) at /home/richpolis/sfproyectos/sf2GalileaMontijo/vendor/symfony/symfony/src/Symfony/Component/HttpKernel/EventListener/RouterListener.php line 92 [] []
[2013-03-18 19:43:09] request.ERROR: Symfony\Component\HttpKernel\Exception\NotFoundHttpException: No route found for "GET /js/bootstrap.js" (uncaught exception) at /home/richpolis/sfproyectos/sf2GalileaMontijo/app/cache/prod/classes.php line 5233 [] []
[2013-03-18 19:43:09] request.ERROR: Symfony\Component\HttpKernel\Exception\NotFoundHttpException: No route found for "GET /css/bootstrap-responsive.css" (uncaught exception) at /home/richpolis/sfproyectos/sf2GalileaMontijo/vendor/symfony/symfony/src/Symfony/Component/HttpKernel/EventListener/RouterListener.php line 92 [] []
[2013-03-18 19:43:09] request.ERROR: Symfony\Component\HttpKernel\Exception\NotFoundHttpException: No route found for "GET /css/jquery-ui-1.9.2.custom.css" (uncaught exception) at /home/richpolis/sfproyectos/sf2GalileaMontijo/vendor/symfony/symfony/src/Symfony/Component/HttpKernel/EventListener/RouterListener.php line 92 [] []
[2013-03-18 19:43:10] request.ERROR: Symfony\Component\HttpKernel\Exception\NotFoundHttpException: No route found for "GET /js/jquery-ui-1.9.2.custom.js" (uncaught exception) at /home/richpolis/sfproyectos/sf2GalileaMontijo/vendor/symfony/symfony/src/Symfony/Component/HttpKernel/EventListener/RouterListener.php line 92 [] []
[2013-03-18 19:43:22] request.ERROR: Symfony\Component\HttpKernel\Exception\NotFoundHttpException: No route found for "GET /css/bootstrap.css" (uncaught exception) at /home/richpolis/sfproyectos/sf2GalileaMontijo/app/cache/prod/classes.php line 5233 [] []
[2013-03-18 23:39:19] request.ERROR: Symfony\Component\HttpKernel\Exception\NotFoundHttpException: No route found for "GET /_wdt/5147f9fa206dd" (uncaught exception) at /home/richpolis/sfproyectos/sf2GalileaMontijo/vendor/symfony/symfony/src/Symfony/Component/HttpKernel/EventListener/RouterListener.php line 92 [] []
[2013-03-18 23:40:29] request.ERROR: Symfony\Component\HttpKernel\Exception\NotFoundHttpException: No route found for "GET /_profiler/5147f9fa206dd" (uncaught exception) at /home/richpolis/sfproyectos/sf2GalileaMontijo/vendor/symfony/symfony/src/Symfony/Component/HttpKernel/EventListener/RouterListener.php line 92 [] []
[2013-03-18 23:41:40] request.ERROR: Symfony\Component\HttpKernel\Exception\NotFoundHttpException: No route found for "GET /_wdt/5147fa9235df3" (uncaught exception) at /home/richpolis/sfproyectos/sf2GalileaMontijo/app/cache/prod/classes.php line 5233 [] []
[2013-03-18 23:42:46] request.ERROR: Symfony\Component\HttpKernel\Exception\NotFoundHttpException: No route found for "GET /_wdt/5147fac9da5c9" (uncaught exception) at /home/richpolis/sfproyectos/sf2GalileaMontijo/vendor/symfony/symfony/src/Symfony/Component/HttpKernel/EventListener/RouterListener.php line 92 [] []
[2013-03-18 23:43:40] request.ERROR: Symfony\Component\HttpKernel\Exception\NotFoundHttpException: No route found for "GET /_wdt/5147fb0a5fd1a" (uncaught exception) at /home/richpolis/sfproyectos/sf2GalileaMontijo/vendor/symfony/symfony/src/Symfony/Component/HttpKernel/EventListener/RouterListener.php line 92 [] []
[2013-03-19 21:49:35] request.ERROR: Symfony\Component\HttpKernel\Exception\NotFoundHttpException: No route found for "GET /uploads/publicaciones/513e567e1ce17.jpg" (uncaught exception) at D:\Comparte\sf\sf2GalileaMontijo\vendor\symfony\symfony\src\Symfony\Component\HttpKernel\EventListener\RouterListener.php line 92 [] []
[2013-03-19 21:54:46] request.ERROR: Symfony\Component\HttpKernel\Exception\NotFoundHttpException: No route found for "GET /uploads/publicaciones/513e53190ed5a.jpg" (uncaught exception) at D:\Comparte\sf\sf2GalileaMontijo\app\cache\prod\classes.php line 5233 [] []
[2013-03-19 21:54:46] request.ERROR: Symfony\Component\HttpKernel\Exception\NotFoundHttpException: No route found for "GET /uploads/publicaciones/513e50d971cff.jpg" (uncaught exception) at D:\Comparte\sf\sf2GalileaMontijo\app\cache\prod\classes.php line 5233 [] []
[2013-03-19 21:54:46] request.ERROR: Symfony\Component\HttpKernel\Exception\NotFoundHttpException: No route found for "GET /uploads/publicaciones/513e49ac06923.jpg" (uncaught exception) at D:\Comparte\sf\sf2GalileaMontijo\app\cache\prod\classes.php line 5233 [] []
[2013-03-19 21:54:46] request.ERROR: Symfony\Component\HttpKernel\Exception\NotFoundHttpException: No route found for "GET /uploads/publicaciones/513e567e1ce17.jpg" (uncaught exception) at D:\Comparte\sf\sf2GalileaMontijo\app\cache\prod\classes.php line 5233 [] []
[2013-03-19 21:54:46] request.ERROR: Symfony\Component\HttpKernel\Exception\NotFoundHttpException: No route found for "GET /uploads/publicaciones/513e50618c6eb.jpg" (uncaught exception) at D:\Comparte\sf\sf2GalileaMontijo\app\cache\prod\classes.php line 5233 [] []
[2013-03-19 21:54:46] request.ERROR: Symfony\Component\HttpKernel\Exception\NotFoundHttpException: No route found for "GET /uploads/publicaciones/513e555448afd.jpg" (uncaught exception) at D:\Comparte\sf\sf2GalileaMontijo\app\cache\prod\classes.php line 5233 [] []
[2013-03-19 21:54:46] request.ERROR: Symfony\Component\HttpKernel\Exception\NotFoundHttpException: No route found for "GET /uploads/publicaciones/513e56f00bd44.jpg" (uncaught exception) at D:\Comparte\sf\sf2GalileaMontijo\app\cache\prod\classes.php line 5233 [] []
[2013-03-19 21:54:46] request.ERROR: Symfony\Component\HttpKernel\Exception\NotFoundHttpException: No route found for "GET /uploads/publicaciones/513e46feabf00.jpg" (uncaught exception) at D:\Comparte\sf\sf2GalileaMontijo\app\cache\prod\classes.php line 5233 [] []
[2013-03-19 21:55:44] request.ERROR: Symfony\Component\HttpKernel\Exception\NotFoundHttpException: No route found for "GET /bundles/genemuform/js/genemuFormBundle.js" (uncaught exception) at D:\Comparte\sf\sf2GalileaMontijo\app\cache\prod\classes.php line 5233 [] []
[2013-03-19 21:58:46] request.ERROR: Symfony\Component\HttpKernel\Exception\NotFoundHttpException: No route found for "GET /bundles/genemuform/js/genemuFormBundle.js" (uncaught exception) at D:\Comparte\sf\sf2GalileaMontijo\app\cache\prod\classes.php line 5233 [] []
[2013-03-19 22:10:22] request.ERROR: Symfony\Component\HttpKernel\Exception\NotFoundHttpException: No route found for "GET /bundles/genemuform/js/genemuFormBundle.js" (uncaught exception) at D:\Comparte\sf\sf2GalileaMontijo\app\cache\prod\classes.php line 5233 [] []
[2013-03-19 22:12:07] request.ERROR: Symfony\Component\HttpKernel\Exception\NotFoundHttpException: No route found for "GET /bundles/genemuform/js/genemuFormBundle.js" (uncaught exception) at D:\Comparte\sf\sf2GalileaMontijo\app\cache\prod\classes.php line 5233 [] []
[2013-03-19 22:13:34] request.ERROR: Symfony\Component\HttpKernel\Exception\NotFoundHttpException: No route found for "GET /bundles/genemuform/js/genemuFormBundle.js" (uncaught exception) at D:\Comparte\sf\sf2GalileaMontijo\app\cache\prod\classes.php line 5233 [] []
[2013-03-19 22:26:17] request.ERROR: Symfony\Component\HttpKernel\Exception\NotFoundHttpException: No route found for "GET /uploads/publicaciones/513e567e1ce17.jpg" (uncaught exception) at D:\Comparte\sf\sf2GalileaMontijo\app\cache\prod\classes.php line 5233 [] []
[2013-03-19 22:26:17] request.ERROR: Symfony\Component\HttpKernel\Exception\NotFoundHttpException: No route found for "GET /uploads/publicaciones/513e555448afd.jpg" (uncaught exception) at D:\Comparte\sf\sf2GalileaMontijo\app\cache\prod\classes.php line 5233 [] []
[2013-03-19 22:26:17] request.ERROR: Symfony\Component\HttpKernel\Exception\NotFoundHttpException: No route found for "GET /uploads/publicaciones/513e53190ed5a.jpg" (uncaught exception) at D:\Comparte\sf\sf2GalileaMontijo\app\cache\prod\classes.php line 5233 [] []
[2013-03-19 22:26:17] request.ERROR: Symfony\Component\HttpKernel\Exception\NotFoundHttpException: No route found for "GET /uploads/publicaciones/513e50618c6eb.jpg" (uncaught exception) at D:\Comparte\sf\sf2GalileaMontijo\app\cache\prod\classes.php line 5233 [] []
[2013-03-19 22:26:17] request.ERROR: Symfony\Component\HttpKernel\Exception\NotFoundHttpException: No route found for "GET /uploads/publicaciones/513e49ac06923.jpg" (uncaught exception) at D:\Comparte\sf\sf2GalileaMontijo\app\cache\prod\classes.php line 5233 [] []
[2013-03-19 22:26:17] request.ERROR: Symfony\Component\HttpKernel\Exception\NotFoundHttpException: No route found for "GET /uploads/publicaciones/513e50d971cff.jpg" (uncaught exception) at D:\Comparte\sf\sf2GalileaMontijo\app\cache\prod\classes.php line 5233 [] []
[2013-03-19 22:26:17] request.ERROR: Symfony\Component\HttpKernel\Exception\NotFoundHttpException: No route found for "GET /uploads/publicaciones/513e46feabf00.jpg" (uncaught exception) at D:\Comparte\sf\sf2GalileaMontijo\app\cache\prod\classes.php line 5233 [] []
[2013-03-19 22:26:17] request.ERROR: Symfony\Component\HttpKernel\Exception\NotFoundHttpException: No route found for "GET /uploads/publicaciones/513e56f00bd44.jpg" (uncaught exception) at D:\Comparte\sf\sf2GalileaMontijo\app\cache\prod\classes.php line 5233 [] []
[2013-03-19 22:26:25] request.ERROR: Symfony\Component\HttpKernel\Exception\NotFoundHttpException: No route found for "GET /uploads/publicaciones/513e567e1ce17.jpg" (uncaught exception) at D:\Comparte\sf\sf2GalileaMontijo\app\cache\prod\classes.php line 5233 [] []
[2013-03-19 22:26:46] request.ERROR: Symfony\Component\HttpKernel\Exception\NotFoundHttpException: No route found for "GET /uploads/publicaciones/513e555448afd.jpg" (uncaught exception) at D:\Comparte\sf\sf2GalileaMontijo\app\cache\prod\classes.php line 5233 [] []
[2013-03-19 22:26:46] request.ERROR: Symfony\Component\HttpKernel\Exception\NotFoundHttpException: No route found for "GET /uploads/publicaciones/513e46feabf00.jpg" (uncaught exception) at D:\Comparte\sf\sf2GalileaMontijo\app\cache\prod\classes.php line 5233 [] []
[2013-03-19 22:26:46] request.ERROR: Symfony\Component\HttpKernel\Exception\NotFoundHttpException: No route found for "GET /uploads/publicaciones/513e50d971cff.jpg" (uncaught exception) at D:\Comparte\sf\sf2GalileaMontijo\app\cache\prod\classes.php line 5233 [] []
[2013-03-19 22:26:46] request.ERROR: Symfony\Component\HttpKernel\Exception\NotFoundHttpException: No route found for "GET /uploads/publicaciones/513e49ac06923.jpg" (uncaught exception) at D:\Comparte\sf\sf2GalileaMontijo\app\cache\prod\classes.php line 5233 [] []
[2013-03-19 22:26:47] request.ERROR: Symfony\Component\HttpKernel\Exception\NotFoundHttpException: No route found for "GET /uploads/publicaciones/513e53190ed5a.jpg" (uncaught exception) at D:\Comparte\sf\sf2GalileaMontijo\app\cache\prod\classes.php line 5233 [] []
[2013-03-19 22:26:47] request.ERROR: Symfony\Component\HttpKernel\Exception\NotFoundHttpException: No route found for "GET /uploads/publicaciones/513e50618c6eb.jpg" (uncaught exception) at D:\Comparte\sf\sf2GalileaMontijo\app\cache\prod\classes.php line 5233 [] []
[2013-03-19 22:26:47] request.ERROR: Symfony\Component\HttpKernel\Exception\NotFoundHttpException: No route found for "GET /uploads/publicaciones/513e56f00bd44.jpg" (uncaught exception) at D:\Comparte\sf\sf2GalileaMontijo\app\cache\prod\classes.php line 5233 [] []
[2013-03-19 22:27:03] request.ERROR: Symfony\Component\HttpKernel\Exception\NotFoundHttpException: No route found for "GET /uploads/publicaciones/513e49ac06923.jpg" (uncaught exception) at D:\Comparte\sf\sf2GalileaMontijo\app\cache\prod\classes.php line 5233 [] []
[2013-03-19 22:27:03] request.ERROR: Symfony\Component\HttpKernel\Exception\NotFoundHttpException: No route found for "GET /uploads/publicaciones/513e50d971cff.jpg" (uncaught exception) at D:\Comparte\sf\sf2GalileaMontijo\app\cache\prod\classes.php line 5233 [] []
[2013-03-19 22:27:03] request.ERROR: Symfony\Component\HttpKernel\Exception\NotFoundHttpException: No route found for "GET /uploads/publicaciones/513e555448afd.jpg" (uncaught exception) at D:\Comparte\sf\sf2GalileaMontijo\app\cache\prod\classes.php line 5233 [] []
[2013-03-19 22:27:03] request.ERROR: Symfony\Component\HttpKernel\Exception\NotFoundHttpException: No route found for "GET /uploads/publicaciones/513e50618c6eb.jpg" (uncaught exception) at D:\Comparte\sf\sf2GalileaMontijo\app\cache\prod\classes.php line 5233 [] []
[2013-03-19 22:27:03] request.ERROR: Symfony\Component\HttpKernel\Exception\NotFoundHttpException: No route found for "GET /uploads/publicaciones/513e46feabf00.jpg" (uncaught exception) at D:\Comparte\sf\sf2GalileaMontijo\app\cache\prod\classes.php line 5233 [] []
[2013-03-19 22:27:03] request.ERROR: Symfony\Component\HttpKernel\Exception\NotFoundHttpException: No route found for "GET /uploads/publicaciones/513e53190ed5a.jpg" (uncaught exception) at D:\Comparte\sf\sf2GalileaMontijo\app\cache\prod\classes.php line 5233 [] []
[2013-03-19 22:27:04] request.ERROR: Symfony\Component\HttpKernel\Exception\NotFoundHttpException: No route found for "GET /uploads/publicaciones/513e56f00bd44.jpg" (uncaught exception) at D:\Comparte\sf\sf2GalileaMontijo\app\cache\prod\classes.php line 5233 [] []
[2013-03-19 22:28:04] request.ERROR: Symfony\Component\HttpKernel\Exception\NotFoundHttpException: No route found for "GET /uploads/publicaciones/513e50d971cff.jpg" (uncaught exception) at D:\Comparte\sf\sf2GalileaMontijo\app\cache\prod\classes.php line 5233 [] []
[2013-03-19 22:28:04] request.ERROR: Symfony\Component\HttpKernel\Exception\NotFoundHttpException: No route found for "GET /uploads/publicaciones/513e555448afd.jpg" (uncaught exception) at D:\Comparte\sf\sf2GalileaMontijo\app\cache\prod\classes.php line 5233 [] []
[2013-03-19 22:28:04] request.ERROR: Symfony\Component\HttpKernel\Exception\NotFoundHttpException: No route found for "GET /uploads/publicaciones/513e50618c6eb.jpg" (uncaught exception) at D:\Comparte\sf\sf2GalileaMontijo\app\cache\prod\classes.php line 5233 [] []
[2013-03-19 22:28:04] request.ERROR: Symfony\Component\HttpKernel\Exception\NotFoundHttpException: No route found for "GET /uploads/publicaciones/513e49ac06923.jpg" (uncaught exception) at D:\Comparte\sf\sf2GalileaMontijo\app\cache\prod\classes.php line 5233 [] []
[2013-03-19 22:28:04] request.ERROR: Symfony\Component\HttpKernel\Exception\NotFoundHttpException: No route found for "GET /uploads/publicaciones/513e46feabf00.jpg" (uncaught exception) at D:\Comparte\sf\sf2GalileaMontijo\app\cache\prod\classes.php line 5233 [] []
[2013-03-19 22:28:04] request.ERROR: Symfony\Component\HttpKernel\Exception\NotFoundHttpException: No route found for "GET /uploads/publicaciones/513e53190ed5a.jpg" (uncaught exception) at D:\Comparte\sf\sf2GalileaMontijo\app\cache\prod\classes.php line 5233 [] []
[2013-03-19 22:28:04] request.ERROR: Symfony\Component\HttpKernel\Exception\NotFoundHttpException: No route found for "GET /uploads/publicaciones/513e56f00bd44.jpg" (uncaught exception) at D:\Comparte\sf\sf2GalileaMontijo\app\cache\prod\classes.php line 5233 [] []
[2013-03-19 22:28:37] request.ERROR: Symfony\Component\HttpKernel\Exception\NotFoundHttpException: No route found for "GET /uploads/publicaciones/513e50618c6eb.jpg" (uncaught exception) at D:\Comparte\sf\sf2GalileaMontijo\app\cache\prod\classes.php line 5233 [] []
[2013-03-19 22:28:37] request.ERROR: Symfony\Component\HttpKernel\Exception\NotFoundHttpException: No route found for "GET /uploads/publicaciones/513e555448afd.jpg" (uncaught exception) at D:\Comparte\sf\sf2GalileaMontijo\app\cache\prod\classes.php line 5233 [] []
[2013-03-19 22:28:37] request.ERROR: Symfony\Component\HttpKernel\Exception\NotFoundHttpException: No route found for "GET /uploads/publicaciones/513e53190ed5a.jpg" (uncaught exception) at D:\Comparte\sf\sf2GalileaMontijo\app\cache\prod\classes.php line 5233 [] []
[2013-03-19 22:28:37] request.ERROR: Symfony\Component\HttpKernel\Exception\NotFoundHttpException: No route found for "GET /uploads/publicaciones/513e50d971cff.jpg" (uncaught exception) at D:\Comparte\sf\sf2GalileaMontijo\app\cache\prod\classes.php line 5233 [] []
[2013-03-19 22:28:37] request.ERROR: Symfony\Component\HttpKernel\Exception\NotFoundHttpException: No route found for "GET /uploads/publicaciones/513e46feabf00.jpg" (uncaught exception) at D:\Comparte\sf\sf2GalileaMontijo\app\cache\prod\classes.php line 5233 [] []
[2013-03-19 22:28:37] request.ERROR: Symfony\Component\HttpKernel\Exception\NotFoundHttpException: No route found for "GET /uploads/publicaciones/513e56f00bd44.jpg" (uncaught exception) at D:\Comparte\sf\sf2GalileaMontijo\app\cache\prod\classes.php line 5233 [] []
[2013-03-19 22:28:37] request.ERROR: Symfony\Component\HttpKernel\Exception\NotFoundHttpException: No route found for "GET /uploads/publicaciones/513e49ac06923.jpg" (uncaught exception) at D:\Comparte\sf\sf2GalileaMontijo\app\cache\prod\classes.php line 5233 [] []
[2013-03-19 22:28:39] request.ERROR: Symfony\Component\HttpKernel\Exception\NotFoundHttpException: No route found for "GET /uploads/publicaciones/513e555448afd.jpg" (uncaught exception) at D:\Comparte\sf\sf2GalileaMontijo\app\cache\prod\classes.php line 5233 [] []
[2013-03-19 22:29:30] request.ERROR: Symfony\Component\HttpKernel\Exception\NotFoundHttpException: No route found for "GET /uploads/publicaciones/513e49ac06923.jpg" (uncaught exception) at D:\Comparte\sf\sf2GalileaMontijo\app\cache\prod\classes.php line 5233 [] []
[2013-03-19 22:29:30] request.ERROR: Symfony\Component\HttpKernel\Exception\NotFoundHttpException: No route found for "GET /uploads/publicaciones/513e53190ed5a.jpg" (uncaught exception) at D:\Comparte\sf\sf2GalileaMontijo\app\cache\prod\classes.php line 5233 [] []
[2013-03-19 22:29:30] request.ERROR: Symfony\Component\HttpKernel\Exception\NotFoundHttpException: No route found for "GET /uploads/publicaciones/513e56f00bd44.jpg" (uncaught exception) at D:\Comparte\sf\sf2GalileaMontijo\app\cache\prod\classes.php line 5233 [] []
[2013-03-19 22:29:30] request.ERROR: Symfony\Component\HttpKernel\Exception\NotFoundHttpException: No route found for "GET /uploads/publicaciones/513e46feabf00.jpg" (uncaught exception) at D:\Comparte\sf\sf2GalileaMontijo\app\cache\prod\classes.php line 5233 [] []
[2013-03-19 22:29:30] request.ERROR: Symfony\Component\HttpKernel\Exception\NotFoundHttpException: No route found for "GET /uploads/publicaciones/513e50d971cff.jpg" (uncaught exception) at D:\Comparte\sf\sf2GalileaMontijo\app\cache\prod\classes.php line 5233 [] []
[2013-03-19 22:29:31] request.ERROR: Symfony\Component\HttpKernel\Exception\NotFoundHttpException: No route found for "GET /uploads/publicaciones/513e50618c6eb.jpg" (uncaught exception) at D:\Comparte\sf\sf2GalileaMontijo\app\cache\prod\classes.php line 5233 [] []
[2013-03-19 22:29:44] request.ERROR: Symfony\Component\HttpKernel\Exception\NotFoundHttpException: No route found for "GET /uploads/publicaciones/513e53190ed5a.jpg" (uncaught exception) at D:\Comparte\sf\sf2GalileaMontijo\app\cache\prod\classes.php line 5233 [] []
[2013-03-19 22:29:55] request.ERROR: Symfony\Component\HttpKernel\Exception\NotFoundHttpException: No route found for "GET /uploads/publicaciones/513e50d971cff.jpg" (uncaught exception) at D:\Comparte\sf\sf2GalileaMontijo\app\cache\prod\classes.php line 5233 [] []
[2013-03-19 22:29:55] request.ERROR: Symfony\Component\HttpKernel\Exception\NotFoundHttpException: No route found for "GET /uploads/publicaciones/513e50618c6eb.jpg" (uncaught exception) at D:\Comparte\sf\sf2GalileaMontijo\app\cache\prod\classes.php line 5233 [] []
[2013-03-19 22:29:55] request.ERROR: Symfony\Component\HttpKernel\Exception\NotFoundHttpException: No route found for "GET /uploads/publicaciones/513e56f00bd44.jpg" (uncaught exception) at D:\Comparte\sf\sf2GalileaMontijo\app\cache\prod\classes.php line 5233 [] []
[2013-03-19 22:29:56] request.ERROR: Symfony\Component\HttpKernel\Exception\NotFoundHttpException: No route found for "GET /uploads/publicaciones/513e46feabf00.jpg" (uncaught exception) at D:\Comparte\sf\sf2GalileaMontijo\app\cache\prod\classes.php line 5233 [] []
[2013-03-19 22:29:56] request.ERROR: Symfony\Component\HttpKernel\Exception\NotFoundHttpException: No route found for "GET /uploads/publicaciones/513e49ac06923.jpg" (uncaught exception) at D:\Comparte\sf\sf2GalileaMontijo\app\cache\prod\classes.php line 5233 [] []
[2013-03-19 22:29:58] request.ERROR: Symfony\Component\HttpKernel\Exception\NotFoundHttpException: No route found for "GET /uploads/publicaciones/513e50d971cff.jpg" (uncaught exception) at D:\Comparte\sf\sf2GalileaMontijo\app\cache\prod\classes.php line 5233 [] []
[2013-03-19 22:31:04] request.ERROR: Symfony\Component\HttpKernel\Exception\NotFoundHttpException: No route found for "GET /uploads/publicaciones/513e50618c6eb.jpg" (uncaught exception) at D:\Comparte\sf\sf2GalileaMontijo\app\cache\prod\classes.php line 5233 [] []
[2013-03-19 22:31:04] request.ERROR: Symfony\Component\HttpKernel\Exception\NotFoundHttpException: No route found for "GET /uploads/publicaciones/513e56f00bd44.jpg" (uncaught exception) at D:\Comparte\sf\sf2GalileaMontijo\app\cache\prod\classes.php line 5233 [] []
[2013-03-19 22:31:04] request.ERROR: Symfony\Component\HttpKernel\Exception\NotFoundHttpException: No route found for "GET /uploads/publicaciones/513e46feabf00.jpg" (uncaught exception) at D:\Comparte\sf\sf2GalileaMontijo\app\cache\prod\classes.php line 5233 [] []
[2013-03-19 22:31:04] request.ERROR: Symfony\Component\HttpKernel\Exception\NotFoundHttpException: No route found for "GET /uploads/publicaciones/513e49ac06923.jpg" (uncaught exception) at D:\Comparte\sf\sf2GalileaMontijo\app\cache\prod\classes.php line 5233 [] []
[2013-03-21 00:04:23] request.ERROR: Symfony\Component\HttpKernel\Exception\NotFoundHttpException: No route found for "GET /uploads/publicaciones/513e49ac06923.jpg" (uncaught exception) at D:\Comparte\sf\sf2GalileaMontijo\vendor\symfony\symfony\src\Symfony\Component\HttpKernel\EventListener\RouterListener.php line 92 [] []
[2013-03-21 00:04:23] request.ERROR: Symfony\Component\HttpKernel\Exception\NotFoundHttpException: No route found for "GET /uploads/publicaciones/513e46feabf00.jpg" (uncaught exception) at D:\Comparte\sf\sf2GalileaMontijo\vendor\symfony\symfony\src\Symfony\Component\HttpKernel\EventListener\RouterListener.php line 92 [] []
[2013-03-21 00:04:38] request.ERROR: Symfony\Component\HttpKernel\Exception\NotFoundHttpException: No route found for "GET /uploads/publicaciones/513e49ac06923.jpg" (uncaught exception) at D:\Comparte\sf\sf2GalileaMontijo\vendor\symfony\symfony\src\Symfony\Component\HttpKernel\EventListener\RouterListener.php line 92 [] []
[2013-03-21 00:05:06] request.ERROR: Symfony\Component\HttpKernel\Exception\NotFoundHttpException: No route found for "GET /uploads/publicaciones/513e50618c6eb.jpg" (uncaught exception) at D:\Comparte\sf\sf2GalileaMontijo\app\cache\prod\classes.php line 5233 [] []
[2013-03-21 00:06:08] request.ERROR: Symfony\Component\HttpKernel\Exception\NotFoundHttpException: No route found for "GET /uploads/publicaciones/513e49ac06923.jpg" (uncaught exception) at D:\Comparte\sf\sf2GalileaMontijo\app\cache\prod\classes.php line 5233 [] []
[2013-03-21 00:06:08] request.ERROR: Symfony\Component\HttpKernel\Exception\NotFoundHttpException: No route found for "GET /uploads/publicaciones/513e56f00bd44.jpg" (uncaught exception) at D:\Comparte\sf\sf2GalileaMontijo\app\cache\prod\classes.php line 5233 [] []
[2013-03-21 00:06:08] request.ERROR: Symfony\Component\HttpKernel\Exception\NotFoundHttpException: No route found for "GET /uploads/publicaciones/513e46feabf00.jpg" (uncaught exception) at D:\Comparte\sf\sf2GalileaMontijo\app\cache\prod\classes.php line 5233 [] []
[2013-03-21 00:06:14] request.ERROR: Symfony\Component\HttpKernel\Exception\NotFoundHttpException: No route found for "GET /uploads/publicaciones/513e50618c6eb.jpg" (uncaught exception) at D:\Comparte\sf\sf2GalileaMontijo\app\cache\prod\classes.php line 5233 [] []
[2013-03-21 00:06:20] request.ERROR: Symfony\Component\HttpKernel\Exception\NotFoundHttpException: No route found for "GET /uploads/publicaciones/513e46feabf00.jpg" (uncaught exception) at D:\Comparte\sf\sf2GalileaMontijo\app\cache\prod\classes.php line 5233 [] []
[2013-03-21 00:06:20] request.ERROR: Symfony\Component\HttpKernel\Exception\NotFoundHttpException: No route found for "GET /uploads/publicaciones/513e49ac06923.jpg" (uncaught exception) at D:\Comparte\sf\sf2GalileaMontijo\app\cache\prod\classes.php line 5233 [] []
[2013-03-21 00:06:20] request.ERROR: Symfony\Component\HttpKernel\Exception\NotFoundHttpException: No route found for "GET /uploads/publicaciones/513e56f00bd44.jpg" (uncaught exception) at D:\Comparte\sf\sf2GalileaMontijo\app\cache\prod\classes.php line 5233 [] []
[2013-03-21 00:06:32] request.ERROR: Symfony\Component\HttpKernel\Exception\NotFoundHttpException: No route found for "GET /uploads/publicaciones/513e50618c6eb.jpg" (uncaught exception) at D:\Comparte\sf\sf2GalileaMontijo\app\cache\prod\classes.php line 5233 [] []
[2013-03-21 00:08:17] request.ERROR: Symfony\Component\HttpKernel\Exception\NotFoundHttpException: No route found for "GET /uploads/publicaciones/513e50618c6eb.jpg" (uncaught exception) at D:\Comparte\sf\sf2GalileaMontijo\app\cache\prod\classes.php line 5233 [] []
[2013-03-21 00:13:46] request.ERROR: Symfony\Component\HttpKernel\Exception\NotFoundHttpException: No route found for "GET /uploads/publicaciones/513e50618c6eb.jpg" (uncaught exception) at D:\Comparte\sf\sf2GalileaMontijo\app\cache\prod\classes.php line 5233 [] []
[2013-03-21 00:13:57] request.ERROR: Symfony\Component\HttpKernel\Exception\NotFoundHttpException: No route found for "GET /uploads/publicaciones/513e50618c6eb.jpg" (uncaught exception) at D:\Comparte\sf\sf2GalileaMontijo\app\cache\prod\classes.php line 5233 [] []
[2013-03-21 00:14:17] request.ERROR: Symfony\Component\HttpKernel\Exception\NotFoundHttpException: No route found for "GET /uploads/publicaciones/513e50618c6eb.jpg" (uncaught exception) at D:\Comparte\sf\sf2GalileaMontijo\app\cache\prod\classes.php line 5233 [] []
[2013-03-21 00:14:23] request.ERROR: Symfony\Component\HttpKernel\Exception\NotFoundHttpException: No route found for "GET /uploads/publicaciones/513e50618c6eb.jpg" (uncaught exception) at D:\Comparte\sf\sf2GalileaMontijo\app\cache\prod\classes.php line 5233 [] []
[2013-03-21 00:22:01] request.ERROR: Symfony\Component\HttpKernel\Exception\NotFoundHttpException: No route found for "GET /uploads/publicaciones/513e46feabf00.jpg" (uncaught exception) at D:\Comparte\sf\sf2GalileaMontijo\app\cache\prod\classes.php line 5233 [] []
[2013-03-21 00:22:01] request.ERROR: Symfony\Component\HttpKernel\Exception\NotFoundHttpException: No route found for "GET /uploads/publicaciones/513e49ac06923.jpg" (uncaught exception) at D:\Comparte\sf\sf2GalileaMontijo\app\cache\prod\classes.php line 5233 [] []
[2013-03-21 00:22:01] request.ERROR: Symfony\Component\HttpKernel\Exception\NotFoundHttpException: No route found for "GET /uploads/publicaciones/513e56f00bd44.jpg" (uncaught exception) at D:\Comparte\sf\sf2GalileaMontijo\app\cache\prod\classes.php line 5233 [] []
[2013-03-21 00:22:05] request.ERROR: Symfony\Component\HttpKernel\Exception\NotFoundHttpException: No route found for "GET /uploads/publicaciones/513e50618c6eb.jpg" (uncaught exception) at D:\Comparte\sf\sf2GalileaMontijo\app\cache\prod\classes.php line 5233 [] []
[2013-03-21 00:22:08] request.ERROR: Symfony\Component\HttpKernel\Exception\NotFoundHttpException: No route found for "GET /uploads/publicaciones/513e46feabf00.jpg" (uncaught exception) at D:\Comparte\sf\sf2GalileaMontijo\app\cache\prod\classes.php line 5233 [] []
[2013-03-21 00:22:08] request.ERROR: Symfony\Component\HttpKernel\Exception\NotFoundHttpException: No route found for "GET /uploads/publicaciones/513e56f00bd44.jpg" (uncaught exception) at D:\Comparte\sf\sf2GalileaMontijo\app\cache\prod\classes.php line 5233 [] []
[2013-03-21 00:22:08] request.ERROR: Symfony\Component\HttpKernel\Exception\NotFoundHttpException: No route found for "GET /uploads/publicaciones/513e49ac06923.jpg" (uncaught exception) at D:\Comparte\sf\sf2GalileaMontijo\app\cache\prod\classes.php line 5233 [] []
[2013-03-21 00:22:22] request.ERROR: Symfony\Component\HttpKernel\Exception\NotFoundHttpException: No route found for "GET /uploads/publicaciones/513e50618c6eb.jpg" (uncaught exception) at D:\Comparte\sf\sf2GalileaMontijo\app\cache\prod\classes.php line 5233 [] []
[2013-03-21 06:19:45] request.ERROR: Symfony\Component\HttpKernel\Exception\NotFoundHttpException: No route found for "GET /uploads/publicaciones/51406c6fd405b.jpg" (uncaught exception) at /home/richpolis/sfproyectos/sf2GalileaMontijo/vendor/symfony/symfony/src/Symfony/Component/HttpKernel/EventListener/RouterListener.php line 92 [] []
[2013-03-21 06:19:45] request.ERROR: Symfony\Component\HttpKernel\Exception\NotFoundHttpException: No route found for "GET /uploads/publicaciones/513ebb080861d.jpg" (uncaught exception) at /home/richpolis/sfproyectos/sf2GalileaMontijo/vendor/symfony/symfony/src/Symfony/Component/HttpKernel/EventListener/RouterListener.php line 92 [] []
[2013-03-21 08:24:58] request.ERROR: Symfony\Component\HttpKernel\Exception\NotFoundHttpException: No route found for "GET /uploads/publicaciones/51406c6fd405b.jpg" (uncaught exception) at /home/richpolis/sfproyectos/sf2GalileaMontijo/vendor/symfony/symfony/src/Symfony/Component/HttpKernel/EventListener/RouterListener.php line 92 [] []
[2013-03-21 08:24:58] request.ERROR: Symfony\Component\HttpKernel\Exception\NotFoundHttpException: No route found for "GET /uploads/publicaciones/513ebb080861d.jpg" (uncaught exception) at /home/richpolis/sfproyectos/sf2GalileaMontijo/vendor/symfony/symfony/src/Symfony/Component/HttpKernel/EventListener/RouterListener.php line 92 [] []
[2013-03-21 08:25:07] request.ERROR: Symfony\Component\HttpKernel\Exception\NotFoundHttpException: No route found for "GET /uploads/publicaciones/513ebb080861d.jpg" (uncaught exception) at /home/richpolis/sfproyectos/sf2GalileaMontijo/app/cache/prod/classes.php line 5233 [] []
[2013-03-21 08:25:07] request.ERROR: Symfony\Component\HttpKernel\Exception\NotFoundHttpException: No route found for "GET /uploads/publicaciones/51406c6fd405b.jpg" (uncaught exception) at /home/richpolis/sfproyectos/sf2GalileaMontijo/app/cache/prod/classes.php line 5233 [] []
[2013-03-21 08:25:15] request.ERROR: Symfony\Component\HttpKernel\Exception\NotFoundHttpException: No route found for "GET /uploads/publicaciones/51406c6fd405b.jpg" (uncaught exception) at /home/richpolis/sfproyectos/sf2GalileaMontijo/app/cache/prod/classes.php line 5233 [] []
[2013-03-21 09:40:22] request.ERROR: Symfony\Component\HttpKernel\Exception\NotFoundHttpException: No route found for "GET /uploads/publicaciones/51406c6fd405b.jpg" (uncaught exception) at /home/richpolis/sfproyectos/sf2GalileaMontijo/app/cache/prod/classes.php line 5233 [] []
[2013-03-21 16:41:44] request.ERROR: Symfony\Component\HttpKernel\Exception\NotFoundHttpException: No route found for "GET /uploads/publicaciones/513ebb080861d.jpg" (uncaught exception) at /home/richpolis/sfproyectos/sf2GalileaMontijo/vendor/symfony/symfony/src/Symfony/Component/HttpKernel/EventListener/RouterListener.php line 92 [] []
[2013-03-21 16:41:45] request.ERROR: Symfony\Component\HttpKernel\Exception\NotFoundHttpException: No route found for "GET /uploads/publicaciones/51406c6fd405b.jpg" (uncaught exception) at /home/richpolis/sfproyectos/sf2GalileaMontijo/vendor/symfony/symfony/src/Symfony/Component/HttpKernel/EventListener/RouterListener.php line 92 [] []
[2013-03-21 16:41:46] request.ERROR: Symfony\Component\HttpKernel\Exception\NotFoundHttpException: No route found for "GET /uploads/publicaciones/51406c6fd405b.jpg" (uncaught exception) at /home/richpolis/sfproyectos/sf2GalileaMontijo/vendor/symfony/symfony/src/Symfony/Component/HttpKernel/EventListener/RouterListener.php line 92 [] []
[2013-03-21 17:01:31] request.ERROR: Symfony\Component\HttpKernel\Exception\NotFoundHttpException: No route found for "GET /uploads/publicaciones/51406c6fd405b.jpg" (uncaught exception) at /home/richpolis/sfproyectos/sf2GalileaMontijo/app/cache/prod/classes.php line 5233 [] []
[2013-03-21 17:01:31] request.ERROR: Symfony\Component\HttpKernel\Exception\NotFoundHttpException: No route found for "GET /uploads/publicaciones/513ebb080861d.jpg" (uncaught exception) at /home/richpolis/sfproyectos/sf2GalileaMontijo/app/cache/prod/classes.php line 5233 [] []
[2013-03-21 17:01:42] request.ERROR: Symfony\Component\HttpKernel\Exception\NotFoundHttpException: No route found for "GET /uploads/publicaciones/51406c6fd405b.jpg" (uncaught exception) at /home/richpolis/sfproyectos/sf2GalileaMontijo/app/cache/prod/classes.php line 5233 [] []
[2013-03-21 17:01:42] request.ERROR: Symfony\Component\HttpKernel\Exception\NotFoundHttpException: No route found for "GET /uploads/publicaciones/513ebb080861d.jpg" (uncaught exception) at /home/richpolis/sfproyectos/sf2GalileaMontijo/app/cache/prod/classes.php line 5233 [] []
[2013-03-21 17:06:32] request.ERROR: Symfony\Component\HttpKernel\Exception\NotFoundHttpException: No route found for "GET /uploads/publicaciones/51406c6fd405b.jpg" (uncaught exception) at /home/richpolis/sfproyectos/sf2GalileaMontijo/app/cache/prod/classes.php line 5233 [] []
[2013-03-21 17:06:32] request.ERROR: Symfony\Component\HttpKernel\Exception\NotFoundHttpException: No route found for "GET /uploads/publicaciones/513ebb080861d.jpg" (uncaught exception) at /home/richpolis/sfproyectos/sf2GalileaMontijo/app/cache/prod/classes.php line 5233 [] []
[2013-03-21 17:06:49] request.ERROR: Symfony\Component\HttpKernel\Exception\NotFoundHttpException: No route found for "GET /uploads/publicaciones/51406c6fd405b.jpg" (uncaught exception) at /home/richpolis/sfproyectos/sf2GalileaMontijo/app/cache/prod/classes.php line 5233 [] []
[2013-03-21 17:06:49] request.ERROR: Symfony\Component\HttpKernel\Exception\NotFoundHttpException: No route found for "GET /uploads/publicaciones/513ebb080861d.jpg" (uncaught exception) at /home/richpolis/sfproyectos/sf2GalileaMontijo/app/cache/prod/classes.php line 5233 [] []
[2013-03-21 17:07:26] request.ERROR: Symfony\Component\HttpKernel\Exception\NotFoundHttpException: No route found for "GET /uploads/publicaciones/513ebb080861d.jpg" (uncaught exception) at /home/richpolis/sfproyectos/sf2GalileaMontijo/app/cache/prod/classes.php line 5233 [] []
[2013-03-21 17:07:26] request.ERROR: Symfony\Component\HttpKernel\Exception\NotFoundHttpException: No route found for "GET /uploads/publicaciones/51406c6fd405b.jpg" (uncaught exception) at /home/richpolis/sfproyectos/sf2GalileaMontijo/app/cache/prod/classes.php line 5233 [] []
[2013-03-21 17:08:17] request.ERROR: Symfony\Component\HttpKernel\Exception\NotFoundHttpException: No route found for "GET /uploads/publicaciones/51406c6fd405b.jpg" (uncaught exception) at /home/richpolis/sfproyectos/sf2GalileaMontijo/app/cache/prod/classes.php line 5233 [] []
[2013-03-21 17:08:17] request.ERROR: Symfony\Component\HttpKernel\Exception\NotFoundHttpException: No route found for "GET /uploads/publicaciones/513ebb080861d.jpg" (uncaught exception) at /home/richpolis/sfproyectos/sf2GalileaMontijo/app/cache/prod/classes.php line 5233 [] []
[2013-03-21 17:09:29] request.ERROR: Symfony\Component\HttpKernel\Exception\NotFoundHttpException: No route found for "GET /uploads/publicaciones/51406c6fd405b.jpg" (uncaught exception) at /home/richpolis/sfproyectos/sf2GalileaMontijo/app/cache/prod/classes.php line 5233 [] []
[2013-03-21 17:09:29] request.ERROR: Symfony\Component\HttpKernel\Exception\NotFoundHttpException: No route found for "GET /uploads/publicaciones/513ebb080861d.jpg" (uncaught exception) at /home/richpolis/sfproyectos/sf2GalileaMontijo/app/cache/prod/classes.php line 5233 [] []
[2013-03-21 17:09:44] request.ERROR: Symfony\Component\HttpKernel\Exception\NotFoundHttpException: No route found for "GET /uploads/publicaciones/51406c6fd405b.jpg" (uncaught exception) at /home/richpolis/sfproyectos/sf2GalileaMontijo/app/cache/prod/classes.php line 5233 [] []
[2013-03-21 17:09:44] request.ERROR: Symfony\Component\HttpKernel\Exception\NotFoundHttpException: No route found for "GET /uploads/publicaciones/513ebb080861d.jpg" (uncaught exception) at /home/richpolis/sfproyectos/sf2GalileaMontijo/app/cache/prod/classes.php line 5233 [] []
[2013-03-21 17:10:11] request.ERROR: Symfony\Component\HttpKernel\Exception\NotFoundHttpException: No route found for "GET /uploads/publicaciones/513ebb080861d.jpg" (uncaught exception) at /home/richpolis/sfproyectos/sf2GalileaMontijo/app/cache/prod/classes.php line 5233 [] []
[2013-03-21 17:10:11] request.ERROR: Symfony\Component\HttpKernel\Exception\NotFoundHttpException: No route found for "GET /uploads/publicaciones/51406c6fd405b.jpg" (uncaught exception) at /home/richpolis/sfproyectos/sf2GalileaMontijo/app/cache/prod/classes.php line 5233 [] []
[2013-03-21 17:15:45] request.ERROR: Symfony\Component\HttpKernel\Exception\NotFoundHttpException: No route found for "GET /uploads/publicaciones/513ebb080861d.jpg" (uncaught exception) at /home/richpolis/sfproyectos/sf2GalileaMontijo/app/cache/prod/classes.php line 5233 [] []
[2013-03-21 17:15:45] request.ERROR: Symfony\Component\HttpKernel\Exception\NotFoundHttpException: No route found for "GET /uploads/publicaciones/51406c6fd405b.jpg" (uncaught exception) at /home/richpolis/sfproyectos/sf2GalileaMontijo/app/cache/prod/classes.php line 5233 [] []
[2013-03-21 23:10:29] request.ERROR: Symfony\Component\HttpKernel\Exception\NotFoundHttpException: No route found for "GET /uploads/publicaciones/513ebb080861d.jpg" (uncaught exception) at /home/richpolis/sfproyectos/sf2GalileaMontijo/app/cache/prod/classes.php line 5233 [] []
[2013-03-21 23:10:29] request.ERROR: Symfony\Component\HttpKernel\Exception\NotFoundHttpException: No route found for "GET /uploads/publicaciones/51406c6fd405b.jpg" (uncaught exception) at /home/richpolis/sfproyectos/sf2GalileaMontijo/app/cache/prod/classes.php line 5233 [] []
[2013-03-21 23:11:20] request.ERROR: Symfony\Component\HttpKernel\Exception\NotFoundHttpException: No route found for "GET /uploads/publicaciones/51406c6fd405b.jpg" (uncaught exception) at /home/richpolis/sfproyectos/sf2GalileaMontijo/app/cache/prod/classes.php line 5233 [] []
[2013-03-21 23:11:20] request.ERROR: Symfony\Component\HttpKernel\Exception\NotFoundHttpException: No route found for "GET /uploads/publicaciones/513ebb080861d.jpg" (uncaught exception) at /home/richpolis/sfproyectos/sf2GalileaMontijo/app/cache/prod/classes.php line 5233 [] []
[2013-03-21 23:12:05] request.ERROR: Symfony\Component\HttpKernel\Exception\NotFoundHttpException: No route found for "GET /uploads/publicaciones/51406c6fd405b.jpg" (uncaught exception) at /home/richpolis/sfproyectos/sf2GalileaMontijo/app/cache/prod/classes.php line 5233 [] []
[2013-03-21 23:12:05] request.ERROR: Symfony\Component\HttpKernel\Exception\NotFoundHttpException: No route found for "GET /uploads/publicaciones/513ebb080861d.jpg" (uncaught exception) at /home/richpolis/sfproyectos/sf2GalileaMontijo/app/cache/prod/classes.php line 5233 [] []
[2013-03-21 23:48:53] request.ERROR: Symfony\Component\HttpKernel\Exception\NotFoundHttpException: No route found for "GET /bundles/genemuform/js/genemuFormBundle.js" (uncaught exception) at /home/richpolis/sfproyectos/sf2GalileaMontijo/app/cache/prod/classes.php line 5233 [] []
[2013-03-21 23:49:36] request.ERROR: Symfony\Component\HttpKernel\Exception\NotFoundHttpException: No route found for "GET /bundles/genemuform/js/genemuFormBundle.js" (uncaught exception) at /home/richpolis/sfproyectos/sf2GalileaMontijo/app/cache/prod/classes.php line 5233 [] []
[2013-03-21 23:51:54] request.ERROR: Symfony\Component\HttpKernel\Exception\NotFoundHttpException: No route found for "GET /bundles/genemuform/js/genemuFormBundle.js" (uncaught exception) at /home/richpolis/sfproyectos/sf2GalileaMontijo/app/cache/prod/classes.php line 5233 [] []
[2013-03-21 23:58:15] request.ERROR: Symfony\Component\HttpKernel\Exception\NotFoundHttpException: No route found for "GET /bundles/genemuform/js/genemuFormBundle.js" (uncaught exception) at /home/richpolis/sfproyectos/sf2GalileaMontijo/app/cache/prod/classes.php line 5233 [] []
[2013-03-22 00:07:23] request.ERROR: Symfony\Component\HttpKernel\Exception\NotFoundHttpException: No route found for "GET /uploads/galerias/thumbnails/51473b8055ea4.jpg" (uncaught exception) at /home/richpolis/sfproyectos/sf2GalileaMontijo/app/cache/prod/classes.php line 5233 [] []
[2013-03-22 00:07:23] request.ERROR: Symfony\Component\HttpKernel\Exception\NotFoundHttpException: No route found for "GET /uploads/galerias/thumbnails/51473ae492439.jpg" (uncaught exception) at /home/richpolis/sfproyectos/sf2GalileaMontijo/app/cache/prod/classes.php line 5233 [] []
[2013-03-22 00:07:23] request.ERROR: Symfony\Component\HttpKernel\Exception\NotFoundHttpException: No route found for "GET /uploads/galerias/thumbnails/51473ec3662b3.jpg" (uncaught exception) at /home/richpolis/sfproyectos/sf2GalileaMontijo/app/cache/prod/classes.php line 5233 [] []
[2013-03-22 00:07:27] request.ERROR: Symfony\Component\HttpKernel\Exception\NotFoundHttpException: No route found for "GET /uploads/galerias/thumbnails/51473ae492439.jpg" (uncaught exception) at /home/richpolis/sfproyectos/sf2GalileaMontijo/app/cache/prod/classes.php line 5233 [] []
[2013-03-22 08:59:43] request.ERROR: Symfony\Component\HttpKernel\Exception\NotFoundHttpException: No route found for "GET /bundles/genemuform/js/genemuFormBundle.js" (uncaught exception) at /home/richpolis/sfproyectos/sf2GalileaMontijo/app/cache/prod/classes.php line 5233 [] []
[2013-03-22 08:59:43] request.ERROR: Symfony\Component\HttpKernel\Exception\NotFoundHttpException: No route found for "GET /bundles/genemuform/js/genemuFormBundle.js" (uncaught exception) at /home/richpolis/sfproyectos/sf2GalileaMontijo/app/cache/prod/classes.php line 5233 [] []
[2013-03-22 09:03:45] request.ERROR: Symfony\Component\HttpKernel\Exception\NotFoundHttpException: No route found for "GET /bundles/genemuform/js/genemuFormBundle.js" (uncaught exception) at /home/richpolis/sfproyectos/sf2GalileaMontijo/app/cache/prod/classes.php line 5233 [] []
[2013-03-22 09:03:45] request.ERROR: Symfony\Component\HttpKernel\Exception\NotFoundHttpException: No route found for "GET /bundles/genemuform/js/genemuFormBundle.js" (uncaught exception) at /home/richpolis/sfproyectos/sf2GalileaMontijo/app/cache/prod/classes.php line 5233 [] []
[2013-03-22 12:03:21] request.ERROR: Symfony\Component\HttpKernel\Exception\NotFoundHttpException: No route found for "GET /uploads/publicaciones/513ebb080861d.jpg" (uncaught exception) at /home/richpolis/sfproyectos/sf2GalileaMontijo/app/cache/prod/classes.php line 5233 [] []
[2013-03-22 12:03:21] request.ERROR: Symfony\Component\HttpKernel\Exception\NotFoundHttpException: No route found for "GET /uploads/publicaciones/51406c6fd405b.jpg" (uncaught exception) at /home/richpolis/sfproyectos/sf2GalileaMontijo/app/cache/prod/classes.php line 5233 [] []
[2013-03-22 12:03:45] request.ERROR: Symfony\Component\HttpKernel\Exception\NotFoundHttpException: No route found for "GET /uploads/publicaciones/513ebb080861d.jpg" (uncaught exception) at /home/richpolis/sfproyectos/sf2GalileaMontijo/app/cache/prod/classes.php line 5233 [] []
[2013-03-22 12:03:45] request.ERROR: Symfony\Component\HttpKernel\Exception\NotFoundHttpException: No route found for "GET /uploads/publicaciones/51406c6fd405b.jpg" (uncaught exception) at /home/richpolis/sfproyectos/sf2GalileaMontijo/app/cache/prod/classes.php line 5233 [] []
[2013-03-22 12:11:13] request.ERROR: Symfony\Component\HttpKernel\Exception\NotFoundHttpException: No route found for "GET /uploads/publicaciones/51406c6fd405b.jpg" (uncaught exception) at /home/richpolis/sfproyectos/sf2GalileaMontijo/app/cache/prod/classes.php line 5233 [] []
[2013-03-22 12:11:13] request.ERROR: Symfony\Component\HttpKernel\Exception\NotFoundHttpException: No route found for "GET /uploads/publicaciones/513ebb080861d.jpg" (uncaught exception) at /home/richpolis/sfproyectos/sf2GalileaMontijo/app/cache/prod/classes.php line 5233 [] []
[2013-03-22 21:07:53] request.ERROR: Symfony\Component\HttpKernel\Exception\NotFoundHttpException: No route found for "GET /uploads/publicaciones/51406c6fd405b.jpg" (uncaught exception) at /home/richpolis/sfproyectos/sf2GalileaMontijo/app/cache/prod/classes.php line 5233 [] []
[2013-03-22 21:07:53] request.ERROR: Symfony\Component\HttpKernel\Exception\NotFoundHttpException: No route found for "GET /uploads/publicaciones/513ebb080861d.jpg" (uncaught exception) at /home/richpolis/sfproyectos/sf2GalileaMontijo/app/cache/prod/classes.php line 5233 [] []
[2013-03-22 21:08:01] request.ERROR: Symfony\Component\HttpKernel\Exception\NotFoundHttpException: No route found for "GET /uploads/publicaciones/51406c6fd405b.jpg" (uncaught exception) at /home/richpolis/sfproyectos/sf2GalileaMontijo/app/cache/prod/classes.php line 5233 [] []
[2013-03-23 01:19:18] request.ERROR: Symfony\Component\HttpKernel\Exception\NotFoundHttpException: No route found for "GET /uploads/publicaciones/513ebb080861d.jpg" (uncaught exception) at /home/richpolis/sfproyectos/sf2GalileaMontijo/app/cache/prod/classes.php line 5233 [] []
[2013-03-23 01:19:18] request.ERROR: Symfony\Component\HttpKernel\Exception\NotFoundHttpException: No route found for "GET /uploads/publicaciones/51406c6fd405b.jpg" (uncaught exception) at /home/richpolis/sfproyectos/sf2GalileaMontijo/app/cache/prod/classes.php line 5233 [] []
[2013-03-23 01:21:04] request.ERROR: Symfony\Component\HttpKernel\Exception\NotFoundHttpException: No route found for "GET /uploads/publicaciones/51406c6fd405b.jpg" (uncaught exception) at /home/richpolis/sfproyectos/sf2GalileaMontijo/app/cache/prod/classes.php line 5233 [] []
[2013-03-23 01:21:07] request.ERROR: Symfony\Component\HttpKernel\Exception\NotFoundHttpException: No route found for "GET /uploads/publicaciones/513ebb080861d.jpg" (uncaught exception) at /home/richpolis/sfproyectos/sf2GalileaMontijo/app/cache/prod/classes.php line 5233 [] []
[2013-03-23 01:21:53] request.ERROR: Symfony\Component\HttpKernel\Exception\NotFoundHttpException: No route found for "GET /uploads/publicaciones/51406c6fd405b.jpg" (uncaught exception) at /home/richpolis/sfproyectos/sf2GalileaMontijo/app/cache/prod/classes.php line 5233 [] []
[2013-03-23 01:21:56] request.ERROR: Symfony\Component\HttpKernel\Exception\NotFoundHttpException: No route found for "GET /uploads/publicaciones/513ebb080861d.jpg" (uncaught exception) at /home/richpolis/sfproyectos/sf2GalileaMontijo/app/cache/prod/classes.php line 5233 [] []
[2013-03-23 01:22:16] request.ERROR: Symfony\Component\HttpKernel\Exception\NotFoundHttpException: No route found for "GET /uploads/publicaciones/51406c6fd405b.jpg" (uncaught exception) at /home/richpolis/sfproyectos/sf2GalileaMontijo/app/cache/prod/classes.php line 5233 [] []
[2013-03-23 01:22:17] request.ERROR: Symfony\Component\HttpKernel\Exception\NotFoundHttpException: No route found for "GET /uploads/publicaciones/513ebb080861d.jpg" (uncaught exception) at /home/richpolis/sfproyectos/sf2GalileaMontijo/app/cache/prod/classes.php line 5233 [] []
